INFO - 2024-04-02 02:23:41 --> Session: Class initialized using 'CodeIgniter\Session\Handlers\FileHandler' driver.
WARNING - 2024-04-02 02:23:41 --> [DEPRECATED] Creation of dynamic property App\Controllers\FrontendController::$session is deprecated in APPPATH\Controllers\FrontendController.php on line 21.
 1 SYSTEMPATH\CodeIgniter.php(913): App\Controllers\FrontendController->__construct()
 2 SYSTEMPATH\CodeIgniter.php(493): CodeIgniter\CodeIgniter->createController()
 3 SYSTEMPATH\CodeIgniter.php(361): CodeIgniter\CodeIgniter->handleRequest(null, Object(Config\Cache), false)
 4 FCPATH\index.php(79): CodeIgniter\CodeIgniter->run()
 5 SYSTEMPATH\Commands\Server\rewrite.php(47): require_once('E:\\en desarrollo\\webupn\\public\\index.php')
INFO - 2024-04-02 02:24:42 --> Session: Class initialized using 'CodeIgniter\Session\Handlers\FileHandler' driver.
WARNING - 2024-04-02 02:24:42 --> [DEPRECATED] Creation of dynamic property App\Controllers\FrontendController::$session is deprecated in APPPATH\Controllers\FrontendController.php on line 21.
 1 SYSTEMPATH\CodeIgniter.php(913): App\Controllers\FrontendController->__construct()
 2 SYSTEMPATH\CodeIgniter.php(493): CodeIgniter\CodeIgniter->createController()
 3 SYSTEMPATH\CodeIgniter.php(361): CodeIgniter\CodeIgniter->handleRequest(null, Object(Config\Cache), false)
 4 FCPATH\index.php(79): CodeIgniter\CodeIgniter->run()
 5 SYSTEMPATH\Commands\Server\rewrite.php(47): require_once('E:\\en desarrollo\\webupn\\public\\index.php')
INFO - 2024-04-02 02:25:31 --> Session: Class initialized using 'CodeIgniter\Session\Handlers\FileHandler' driver.
WARNING - 2024-04-02 02:25:31 --> [DEPRECATED] Creation of dynamic property App\Controllers\FrontendController::$session is deprecated in APPPATH\Controllers\FrontendController.php on line 21.
 1 SYSTEMPATH\CodeIgniter.php(913): App\Controllers\FrontendController->__construct()
 2 SYSTEMPATH\CodeIgniter.php(493): CodeIgniter\CodeIgniter->createController()
 3 SYSTEMPATH\CodeIgniter.php(361): CodeIgniter\CodeIgniter->handleRequest(null, Object(Config\Cache), false)
 4 FCPATH\index.php(79): CodeIgniter\CodeIgniter->run()
 5 SYSTEMPATH\Commands\Server\rewrite.php(47): require_once('E:\\en desarrollo\\webupn\\public\\index.php')
INFO - 2024-04-02 02:25:33 --> Session: Class initialized using 'CodeIgniter\Session\Handlers\FileHandler' driver.
WARNING - 2024-04-02 02:25:33 --> [DEPRECATED] Creation of dynamic property App\Controllers\FrontendController::$session is deprecated in APPPATH\Controllers\FrontendController.php on line 21.
 1 SYSTEMPATH\CodeIgniter.php(913): App\Controllers\FrontendController->__construct()
 2 SYSTEMPATH\CodeIgniter.php(493): CodeIgniter\CodeIgniter->createController()
 3 SYSTEMPATH\CodeIgniter.php(361): CodeIgniter\CodeIgniter->handleRequest(null, Object(Config\Cache), false)
 4 FCPATH\index.php(79): CodeIgniter\CodeIgniter->run()
 5 SYSTEMPATH\Commands\Server\rewrite.php(47): require_once('E:\\en desarrollo\\webupn\\public\\index.php')
INFO - 2024-04-02 02:25:42 --> Session: Class initialized using 'CodeIgniter\Session\Handlers\FileHandler' driver.
WARNING - 2024-04-02 02:25:42 --> [DEPRECATED] Creation of dynamic property App\Controllers\FrontendController::$session is deprecated in APPPATH\Controllers\FrontendController.php on line 21.
 1 SYSTEMPATH\CodeIgniter.php(913): App\Controllers\FrontendController->__construct()
 2 SYSTEMPATH\CodeIgniter.php(493): CodeIgniter\CodeIgniter->createController()
 3 SYSTEMPATH\CodeIgniter.php(361): CodeIgniter\CodeIgniter->handleRequest(null, Object(Config\Cache), false)
 4 FCPATH\index.php(79): CodeIgniter\CodeIgniter->run()
 5 SYSTEMPATH\Commands\Server\rewrite.php(47): require_once('E:\\en desarrollo\\webupn\\public\\index.php')
INFO - 2024-04-02 02:25:49 --> Session: Class initialized using 'CodeIgniter\Session\Handlers\FileHandler' driver.
WARNING - 2024-04-02 02:25:49 --> [DEPRECATED] Creation of dynamic property App\Controllers\FrontendController::$session is deprecated in APPPATH\Controllers\FrontendController.php on line 21.
 1 SYSTEMPATH\CodeIgniter.php(913): App\Controllers\FrontendController->__construct()
 2 SYSTEMPATH\CodeIgniter.php(493): CodeIgniter\CodeIgniter->createController()
 3 SYSTEMPATH\CodeIgniter.php(361): CodeIgniter\CodeIgniter->handleRequest(null, Object(Config\Cache), false)
 4 FCPATH\index.php(79): CodeIgniter\CodeIgniter->run()
 5 SYSTEMPATH\Commands\Server\rewrite.php(47): require_once('E:\\en desarrollo\\webupn\\public\\index.php')
INFO - 2024-04-02 02:27:38 --> Session: Class initialized using 'CodeIgniter\Session\Handlers\FileHandler' driver.
WARNING - 2024-04-02 02:27:38 --> [DEPRECATED] Creation of dynamic property App\Controllers\FrontendController::$session is deprecated in APPPATH\Controllers\FrontendController.php on line 21.
 1 SYSTEMPATH\CodeIgniter.php(913): App\Controllers\FrontendController->__construct()
 2 SYSTEMPATH\CodeIgniter.php(493): CodeIgniter\CodeIgniter->createController()
 3 SYSTEMPATH\CodeIgniter.php(361): CodeIgniter\CodeIgniter->handleRequest(null, Object(Config\Cache), false)
 4 FCPATH\index.php(79): CodeIgniter\CodeIgniter->run()
 5 SYSTEMPATH\Commands\Server\rewrite.php(47): require_once('E:\\en desarrollo\\webupn\\public\\index.php')
INFO - 2024-04-02 02:27:46 --> Session: Class initialized using 'CodeIgniter\Session\Handlers\FileHandler' driver.
WARNING - 2024-04-02 02:27:46 --> [DEPRECATED] Creation of dynamic property App\Controllers\FrontendController::$session is deprecated in APPPATH\Controllers\FrontendController.php on line 21.
 1 SYSTEMPATH\CodeIgniter.php(913): App\Controllers\FrontendController->__construct()
 2 SYSTEMPATH\CodeIgniter.php(493): CodeIgniter\CodeIgniter->createController()
 3 SYSTEMPATH\CodeIgniter.php(361): CodeIgniter\CodeIgniter->handleRequest(null, Object(Config\Cache), false)
 4 FCPATH\index.php(79): CodeIgniter\CodeIgniter->run()
 5 SYSTEMPATH\Commands\Server\rewrite.php(47): require_once('E:\\en desarrollo\\webupn\\public\\index.php')
INFO - 2024-04-02 02:27:47 --> Session: Class initialized using 'CodeIgniter\Session\Handlers\FileHandler' driver.
WARNING - 2024-04-02 02:27:47 --> [DEPRECATED] Creation of dynamic property App\Controllers\FrontendController::$session is deprecated in APPPATH\Controllers\FrontendController.php on line 21.
 1 SYSTEMPATH\CodeIgniter.php(913): App\Controllers\FrontendController->__construct()
 2 SYSTEMPATH\CodeIgniter.php(493): CodeIgniter\CodeIgniter->createController()
 3 SYSTEMPATH\CodeIgniter.php(361): CodeIgniter\CodeIgniter->handleRequest(null, Object(Config\Cache), false)
 4 FCPATH\index.php(79): CodeIgniter\CodeIgniter->run()
 5 SYSTEMPATH\Commands\Server\rewrite.php(47): require_once('E:\\en desarrollo\\webupn\\public\\index.php')
INFO - 2024-04-02 02:28:01 --> Session: Class initialized using 'CodeIgniter\Session\Handlers\FileHandler' driver.
WARNING - 2024-04-02 02:28:01 --> [DEPRECATED] Creation of dynamic property App\Controllers\FrontendController::$session is deprecated in APPPATH\Controllers\FrontendController.php on line 21.
 1 SYSTEMPATH\CodeIgniter.php(913): App\Controllers\FrontendController->__construct()
 2 SYSTEMPATH\CodeIgniter.php(493): CodeIgniter\CodeIgniter->createController()
 3 SYSTEMPATH\CodeIgniter.php(361): CodeIgniter\CodeIgniter->handleRequest(null, Object(Config\Cache), false)
 4 FCPATH\index.php(79): CodeIgniter\CodeIgniter->run()
 5 SYSTEMPATH\Commands\Server\rewrite.php(47): require_once('E:\\en desarrollo\\webupn\\public\\index.php')
INFO - 2024-04-02 02:28:40 --> Session: Class initialized using 'CodeIgniter\Session\Handlers\FileHandler' driver.
WARNING - 2024-04-02 02:28:40 --> [DEPRECATED] Creation of dynamic property App\Controllers\FrontendController::$session is deprecated in APPPATH\Controllers\FrontendController.php on line 21.
 1 SYSTEMPATH\CodeIgniter.php(913): App\Controllers\FrontendController->__construct()
 2 SYSTEMPATH\CodeIgniter.php(493): CodeIgniter\CodeIgniter->createController()
 3 SYSTEMPATH\CodeIgniter.php(361): CodeIgniter\CodeIgniter->handleRequest(null, Object(Config\Cache), false)
 4 FCPATH\index.php(79): CodeIgniter\CodeIgniter->run()
 5 SYSTEMPATH\Commands\Server\rewrite.php(47): require_once('E:\\en desarrollo\\webupn\\public\\index.php')
INFO - 2024-04-02 02:29:19 --> Session: Class initialized using 'CodeIgniter\Session\Handlers\FileHandler' driver.
WARNING - 2024-04-02 02:29:19 --> [DEPRECATED] Creation of dynamic property App\Controllers\FrontendController::$session is deprecated in APPPATH\Controllers\FrontendController.php on line 21.
 1 SYSTEMPATH\CodeIgniter.php(913): App\Controllers\FrontendController->__construct()
 2 SYSTEMPATH\CodeIgniter.php(493): CodeIgniter\CodeIgniter->createController()
 3 SYSTEMPATH\CodeIgniter.php(361): CodeIgniter\CodeIgniter->handleRequest(null, Object(Config\Cache), false)
 4 FCPATH\index.php(79): CodeIgniter\CodeIgniter->run()
 5 SYSTEMPATH\Commands\Server\rewrite.php(47): require_once('E:\\en desarrollo\\webupn\\public\\index.php')
INFO - 2024-04-02 02:30:25 --> Session: Class initialized using 'CodeIgniter\Session\Handlers\FileHandler' driver.
WARNING - 2024-04-02 02:30:25 --> [DEPRECATED] Creation of dynamic property App\Controllers\FrontendController::$session is deprecated in APPPATH\Controllers\FrontendController.php on line 21.
 1 SYSTEMPATH\CodeIgniter.php(913): App\Controllers\FrontendController->__construct()
 2 SYSTEMPATH\CodeIgniter.php(493): CodeIgniter\CodeIgniter->createController()
 3 SYSTEMPATH\CodeIgniter.php(361): CodeIgniter\CodeIgniter->handleRequest(null, Object(Config\Cache), false)
 4 FCPATH\index.php(79): CodeIgniter\CodeIgniter->run()
 5 SYSTEMPATH\Commands\Server\rewrite.php(47): require_once('E:\\en desarrollo\\webupn\\public\\index.php')
INFO - 2024-04-02 02:30:45 --> Session: Class initialized using 'CodeIgniter\Session\Handlers\FileHandler' driver.
WARNING - 2024-04-02 02:30:45 --> [DEPRECATED] Creation of dynamic property App\Controllers\FrontendController::$session is deprecated in APPPATH\Controllers\FrontendController.php on line 21.
 1 SYSTEMPATH\CodeIgniter.php(913): App\Controllers\FrontendController->__construct()
 2 SYSTEMPATH\CodeIgniter.php(493): CodeIgniter\CodeIgniter->createController()
 3 SYSTEMPATH\CodeIgniter.php(361): CodeIgniter\CodeIgniter->handleRequest(null, Object(Config\Cache), false)
 4 FCPATH\index.php(79): CodeIgniter\CodeIgniter->run()
 5 SYSTEMPATH\Commands\Server\rewrite.php(47): require_once('E:\\en desarrollo\\webupn\\public\\index.php')
INFO - 2024-04-02 02:31:04 --> Session: Class initialized using 'CodeIgniter\Session\Handlers\FileHandler' driver.
WARNING - 2024-04-02 02:31:04 --> [DEPRECATED] Creation of dynamic property App\Controllers\FrontendController::$session is deprecated in APPPATH\Controllers\FrontendController.php on line 21.
 1 SYSTEMPATH\CodeIgniter.php(913): App\Controllers\FrontendController->__construct()
 2 SYSTEMPATH\CodeIgniter.php(493): CodeIgniter\CodeIgniter->createController()
 3 SYSTEMPATH\CodeIgniter.php(361): CodeIgniter\CodeIgniter->handleRequest(null, Object(Config\Cache), false)
 4 FCPATH\index.php(79): CodeIgniter\CodeIgniter->run()
 5 SYSTEMPATH\Commands\Server\rewrite.php(47): require_once('E:\\en desarrollo\\webupn\\public\\index.php')
INFO - 2024-04-02 02:31:13 --> Session: Class initialized using 'CodeIgniter\Session\Handlers\FileHandler' driver.
WARNING - 2024-04-02 02:31:13 --> [DEPRECATED] Creation of dynamic property App\Controllers\FrontendController::$session is deprecated in APPPATH\Controllers\FrontendController.php on line 21.
 1 SYSTEMPATH\CodeIgniter.php(913): App\Controllers\FrontendController->__construct()
 2 SYSTEMPATH\CodeIgniter.php(493): CodeIgniter\CodeIgniter->createController()
 3 SYSTEMPATH\CodeIgniter.php(361): CodeIgniter\CodeIgniter->handleRequest(null, Object(Config\Cache), false)
 4 FCPATH\index.php(79): CodeIgniter\CodeIgniter->run()
 5 SYSTEMPATH\Commands\Server\rewrite.php(47): require_once('E:\\en desarrollo\\webupn\\public\\index.php')
INFO - 2024-04-02 02:31:19 --> Session: Class initialized using 'CodeIgniter\Session\Handlers\FileHandler' driver.
WARNING - 2024-04-02 02:31:19 --> [DEPRECATED] Creation of dynamic property App\Controllers\FrontendController::$session is deprecated in APPPATH\Controllers\FrontendController.php on line 21.
 1 SYSTEMPATH\CodeIgniter.php(913): App\Controllers\FrontendController->__construct()
 2 SYSTEMPATH\CodeIgniter.php(493): CodeIgniter\CodeIgniter->createController()
 3 SYSTEMPATH\CodeIgniter.php(361): CodeIgniter\CodeIgniter->handleRequest(null, Object(Config\Cache), false)
 4 FCPATH\index.php(79): CodeIgniter\CodeIgniter->run()
 5 SYSTEMPATH\Commands\Server\rewrite.php(47): require_once('E:\\en desarrollo\\webupn\\public\\index.php')
INFO - 2024-04-02 02:31:28 --> Session: Class initialized using 'CodeIgniter\Session\Handlers\FileHandler' driver.
WARNING - 2024-04-02 02:31:28 --> [DEPRECATED] Creation of dynamic property App\Controllers\FrontendController::$session is deprecated in APPPATH\Controllers\FrontendController.php on line 21.
 1 SYSTEMPATH\CodeIgniter.php(913): App\Controllers\FrontendController->__construct()
 2 SYSTEMPATH\CodeIgniter.php(493): CodeIgniter\CodeIgniter->createController()
 3 SYSTEMPATH\CodeIgniter.php(361): CodeIgniter\CodeIgniter->handleRequest(null, Object(Config\Cache), false)
 4 FCPATH\index.php(79): CodeIgniter\CodeIgniter->run()
 5 SYSTEMPATH\Commands\Server\rewrite.php(47): require_once('E:\\en desarrollo\\webupn\\public\\index.php')
INFO - 2024-04-02 02:31:57 --> Session: Class initialized using 'CodeIgniter\Session\Handlers\FileHandler' driver.
WARNING - 2024-04-02 02:31:57 --> [DEPRECATED] Creation of dynamic property App\Controllers\FrontendController::$session is deprecated in APPPATH\Controllers\FrontendController.php on line 21.
 1 SYSTEMPATH\CodeIgniter.php(913): App\Controllers\FrontendController->__construct()
 2 SYSTEMPATH\CodeIgniter.php(493): CodeIgniter\CodeIgniter->createController()
 3 SYSTEMPATH\CodeIgniter.php(361): CodeIgniter\CodeIgniter->handleRequest(null, Object(Config\Cache), false)
 4 FCPATH\index.php(79): CodeIgniter\CodeIgniter->run()
 5 SYSTEMPATH\Commands\Server\rewrite.php(47): require_once('E:\\en desarrollo\\webupn\\public\\index.php')
INFO - 2024-04-02 02:32:04 --> Session: Class initialized using 'CodeIgniter\Session\Handlers\FileHandler' driver.
WARNING - 2024-04-02 02:32:04 --> [DEPRECATED] Creation of dynamic property App\Controllers\FrontendController::$session is deprecated in APPPATH\Controllers\FrontendController.php on line 21.
 1 SYSTEMPATH\CodeIgniter.php(913): App\Controllers\FrontendController->__construct()
 2 SYSTEMPATH\CodeIgniter.php(493): CodeIgniter\CodeIgniter->createController()
 3 SYSTEMPATH\CodeIgniter.php(361): CodeIgniter\CodeIgniter->handleRequest(null, Object(Config\Cache), false)
 4 FCPATH\index.php(79): CodeIgniter\CodeIgniter->run()
 5 SYSTEMPATH\Commands\Server\rewrite.php(47): require_once('E:\\en desarrollo\\webupn\\public\\index.php')
INFO - 2024-04-02 02:32:13 --> Session: Class initialized using 'CodeIgniter\Session\Handlers\FileHandler' driver.
WARNING - 2024-04-02 02:32:13 --> [DEPRECATED] Creation of dynamic property App\Controllers\FrontendController::$session is deprecated in APPPATH\Controllers\FrontendController.php on line 21.
 1 SYSTEMPATH\CodeIgniter.php(913): App\Controllers\FrontendController->__construct()
 2 SYSTEMPATH\CodeIgniter.php(493): CodeIgniter\CodeIgniter->createController()
 3 SYSTEMPATH\CodeIgniter.php(361): CodeIgniter\CodeIgniter->handleRequest(null, Object(Config\Cache), false)
 4 FCPATH\index.php(79): CodeIgniter\CodeIgniter->run()
 5 SYSTEMPATH\Commands\Server\rewrite.php(47): require_once('E:\\en desarrollo\\webupn\\public\\index.php')
INFO - 2024-04-02 02:32:35 --> Session: Class initialized using 'CodeIgniter\Session\Handlers\FileHandler' driver.
WARNING - 2024-04-02 02:32:35 --> [DEPRECATED] Creation of dynamic property App\Controllers\FrontendController::$session is deprecated in APPPATH\Controllers\FrontendController.php on line 21.
 1 SYSTEMPATH\CodeIgniter.php(913): App\Controllers\FrontendController->__construct()
 2 SYSTEMPATH\CodeIgniter.php(493): CodeIgniter\CodeIgniter->createController()
 3 SYSTEMPATH\CodeIgniter.php(361): CodeIgniter\CodeIgniter->handleRequest(null, Object(Config\Cache), false)
 4 FCPATH\index.php(79): CodeIgniter\CodeIgniter->run()
 5 SYSTEMPATH\Commands\Server\rewrite.php(47): require_once('E:\\en desarrollo\\webupn\\public\\index.php')
INFO - 2024-04-02 02:32:41 --> Session: Class initialized using 'CodeIgniter\Session\Handlers\FileHandler' driver.
WARNING - 2024-04-02 02:32:41 --> [DEPRECATED] Creation of dynamic property App\Controllers\FrontendController::$session is deprecated in APPPATH\Controllers\FrontendController.php on line 21.
 1 SYSTEMPATH\CodeIgniter.php(913): App\Controllers\FrontendController->__construct()
 2 SYSTEMPATH\CodeIgniter.php(493): CodeIgniter\CodeIgniter->createController()
 3 SYSTEMPATH\CodeIgniter.php(361): CodeIgniter\CodeIgniter->handleRequest(null, Object(Config\Cache), false)
 4 FCPATH\index.php(79): CodeIgniter\CodeIgniter->run()
 5 SYSTEMPATH\Commands\Server\rewrite.php(47): require_once('E:\\en desarrollo\\webupn\\public\\index.php')
INFO - 2024-04-02 02:34:52 --> Session: Class initialized using 'CodeIgniter\Session\Handlers\FileHandler' driver.
WARNING - 2024-04-02 02:34:52 --> [DEPRECATED] Creation of dynamic property App\Controllers\FrontendController::$session is deprecated in APPPATH\Controllers\FrontendController.php on line 21.
 1 SYSTEMPATH\CodeIgniter.php(913): App\Controllers\FrontendController->__construct()
 2 SYSTEMPATH\CodeIgniter.php(493): CodeIgniter\CodeIgniter->createController()
 3 SYSTEMPATH\CodeIgniter.php(361): CodeIgniter\CodeIgniter->handleRequest(null, Object(Config\Cache), false)
 4 FCPATH\index.php(79): CodeIgniter\CodeIgniter->run()
 5 SYSTEMPATH\Commands\Server\rewrite.php(47): require_once('E:\\en desarrollo\\webupn\\public\\index.php')
INFO - 2024-04-02 02:35:03 --> Session: Class initialized using 'CodeIgniter\Session\Handlers\FileHandler' driver.
WARNING - 2024-04-02 02:35:03 --> [DEPRECATED] Creation of dynamic property App\Controllers\FrontendController::$session is deprecated in APPPATH\Controllers\FrontendController.php on line 21.
 1 SYSTEMPATH\CodeIgniter.php(913): App\Controllers\FrontendController->__construct()
 2 SYSTEMPATH\CodeIgniter.php(493): CodeIgniter\CodeIgniter->createController()
 3 SYSTEMPATH\CodeIgniter.php(361): CodeIgniter\CodeIgniter->handleRequest(null, Object(Config\Cache), false)
 4 FCPATH\index.php(79): CodeIgniter\CodeIgniter->run()
 5 SYSTEMPATH\Commands\Server\rewrite.php(47): require_once('E:\\en desarrollo\\webupn\\public\\index.php')
INFO - 2024-04-02 02:36:17 --> Session: Class initialized using 'CodeIgniter\Session\Handlers\FileHandler' driver.
WARNING - 2024-04-02 02:36:17 --> [DEPRECATED] Creation of dynamic property App\Controllers\FrontendController::$session is deprecated in APPPATH\Controllers\FrontendController.php on line 21.
 1 SYSTEMPATH\CodeIgniter.php(913): App\Controllers\FrontendController->__construct()
 2 SYSTEMPATH\CodeIgniter.php(493): CodeIgniter\CodeIgniter->createController()
 3 SYSTEMPATH\CodeIgniter.php(361): CodeIgniter\CodeIgniter->handleRequest(null, Object(Config\Cache), false)
 4 FCPATH\index.php(79): CodeIgniter\CodeIgniter->run()
 5 SYSTEMPATH\Commands\Server\rewrite.php(47): require_once('E:\\en desarrollo\\webupn\\public\\index.php')
INFO - 2024-04-02 02:38:24 --> Session: Class initialized using 'CodeIgniter\Session\Handlers\FileHandler' driver.
WARNING - 2024-04-02 02:38:24 --> [DEPRECATED] Creation of dynamic property App\Controllers\FrontendController::$session is deprecated in APPPATH\Controllers\FrontendController.php on line 21.
 1 SYSTEMPATH\CodeIgniter.php(913): App\Controllers\FrontendController->__construct()
 2 SYSTEMPATH\CodeIgniter.php(493): CodeIgniter\CodeIgniter->createController()
 3 SYSTEMPATH\CodeIgniter.php(361): CodeIgniter\CodeIgniter->handleRequest(null, Object(Config\Cache), false)
 4 FCPATH\index.php(79): CodeIgniter\CodeIgniter->run()
 5 SYSTEMPATH\Commands\Server\rewrite.php(47): require_once('E:\\en desarrollo\\webupn\\public\\index.php')
INFO - 2024-04-02 02:38:34 --> Session: Class initialized using 'CodeIgniter\Session\Handlers\FileHandler' driver.
WARNING - 2024-04-02 02:38:34 --> [DEPRECATED] Creation of dynamic property App\Controllers\FrontendController::$session is deprecated in APPPATH\Controllers\FrontendController.php on line 21.
 1 SYSTEMPATH\CodeIgniter.php(913): App\Controllers\FrontendController->__construct()
 2 SYSTEMPATH\CodeIgniter.php(493): CodeIgniter\CodeIgniter->createController()
 3 SYSTEMPATH\CodeIgniter.php(361): CodeIgniter\CodeIgniter->handleRequest(null, Object(Config\Cache), false)
 4 FCPATH\index.php(79): CodeIgniter\CodeIgniter->run()
 5 SYSTEMPATH\Commands\Server\rewrite.php(47): require_once('E:\\en desarrollo\\webupn\\public\\index.php')
INFO - 2024-04-02 02:38:45 --> Session: Class initialized using 'CodeIgniter\Session\Handlers\FileHandler' driver.
WARNING - 2024-04-02 02:38:45 --> [DEPRECATED] Creation of dynamic property App\Controllers\FrontendController::$session is deprecated in APPPATH\Controllers\FrontendController.php on line 21.
 1 SYSTEMPATH\CodeIgniter.php(913): App\Controllers\FrontendController->__construct()
 2 SYSTEMPATH\CodeIgniter.php(493): CodeIgniter\CodeIgniter->createController()
 3 SYSTEMPATH\CodeIgniter.php(361): CodeIgniter\CodeIgniter->handleRequest(null, Object(Config\Cache), false)
 4 FCPATH\index.php(79): CodeIgniter\CodeIgniter->run()
 5 SYSTEMPATH\Commands\Server\rewrite.php(47): require_once('E:\\en desarrollo\\webupn\\public\\index.php')
INFO - 2024-04-02 02:38:51 --> Session: Class initialized using 'CodeIgniter\Session\Handlers\FileHandler' driver.
WARNING - 2024-04-02 02:38:51 --> [DEPRECATED] Creation of dynamic property App\Controllers\FrontendController::$session is deprecated in APPPATH\Controllers\FrontendController.php on line 21.
 1 SYSTEMPATH\CodeIgniter.php(913): App\Controllers\FrontendController->__construct()
 2 SYSTEMPATH\CodeIgniter.php(493): CodeIgniter\CodeIgniter->createController()
 3 SYSTEMPATH\CodeIgniter.php(361): CodeIgniter\CodeIgniter->handleRequest(null, Object(Config\Cache), false)
 4 FCPATH\index.php(79): CodeIgniter\CodeIgniter->run()
 5 SYSTEMPATH\Commands\Server\rewrite.php(47): require_once('E:\\en desarrollo\\webupn\\public\\index.php')
INFO - 2024-04-02 02:39:26 --> Session: Class initialized using 'CodeIgniter\Session\Handlers\FileHandler' driver.
WARNING - 2024-04-02 02:39:26 --> [DEPRECATED] Creation of dynamic property App\Controllers\FrontendController::$session is deprecated in APPPATH\Controllers\FrontendController.php on line 21.
 1 SYSTEMPATH\CodeIgniter.php(913): App\Controllers\FrontendController->__construct()
 2 SYSTEMPATH\CodeIgniter.php(493): CodeIgniter\CodeIgniter->createController()
 3 SYSTEMPATH\CodeIgniter.php(361): CodeIgniter\CodeIgniter->handleRequest(null, Object(Config\Cache), false)
 4 FCPATH\index.php(79): CodeIgniter\CodeIgniter->run()
 5 SYSTEMPATH\Commands\Server\rewrite.php(47): require_once('E:\\en desarrollo\\webupn\\public\\index.php')
INFO - 2024-04-02 02:39:44 --> Session: Class initialized using 'CodeIgniter\Session\Handlers\FileHandler' driver.
WARNING - 2024-04-02 02:39:44 --> [DEPRECATED] Creation of dynamic property App\Controllers\FrontendController::$session is deprecated in APPPATH\Controllers\FrontendController.php on line 21.
 1 SYSTEMPATH\CodeIgniter.php(913): App\Controllers\FrontendController->__construct()
 2 SYSTEMPATH\CodeIgniter.php(493): CodeIgniter\CodeIgniter->createController()
 3 SYSTEMPATH\CodeIgniter.php(361): CodeIgniter\CodeIgniter->handleRequest(null, Object(Config\Cache), false)
 4 FCPATH\index.php(79): CodeIgniter\CodeIgniter->run()
 5 SYSTEMPATH\Commands\Server\rewrite.php(47): require_once('E:\\en desarrollo\\webupn\\public\\index.php')
INFO - 2024-04-02 02:40:20 --> Session: Class initialized using 'CodeIgniter\Session\Handlers\FileHandler' driver.
WARNING - 2024-04-02 02:40:20 --> [DEPRECATED] Creation of dynamic property App\Controllers\FrontendController::$session is deprecated in APPPATH\Controllers\FrontendController.php on line 21.
 1 SYSTEMPATH\CodeIgniter.php(913): App\Controllers\FrontendController->__construct()
 2 SYSTEMPATH\CodeIgniter.php(493): CodeIgniter\CodeIgniter->createController()
 3 SYSTEMPATH\CodeIgniter.php(361): CodeIgniter\CodeIgniter->handleRequest(null, Object(Config\Cache), false)
 4 FCPATH\index.php(79): CodeIgniter\CodeIgniter->run()
 5 SYSTEMPATH\Commands\Server\rewrite.php(47): require_once('E:\\en desarrollo\\webupn\\public\\index.php')
INFO - 2024-04-02 02:40:21 --> Session: Class initialized using 'CodeIgniter\Session\Handlers\FileHandler' driver.
WARNING - 2024-04-02 02:40:21 --> [DEPRECATED] Creation of dynamic property App\Controllers\FrontendController::$session is deprecated in APPPATH\Controllers\FrontendController.php on line 21.
 1 SYSTEMPATH\CodeIgniter.php(913): App\Controllers\FrontendController->__construct()
 2 SYSTEMPATH\CodeIgniter.php(493): CodeIgniter\CodeIgniter->createController()
 3 SYSTEMPATH\CodeIgniter.php(361): CodeIgniter\CodeIgniter->handleRequest(null, Object(Config\Cache), false)
 4 FCPATH\index.php(79): CodeIgniter\CodeIgniter->run()
 5 SYSTEMPATH\Commands\Server\rewrite.php(47): require_once('E:\\en desarrollo\\webupn\\public\\index.php')
INFO - 2024-04-02 02:41:12 --> Session: Class initialized using 'CodeIgniter\Session\Handlers\FileHandler' driver.
WARNING - 2024-04-02 02:41:12 --> [DEPRECATED] Creation of dynamic property App\Controllers\FrontendController::$session is deprecated in APPPATH\Controllers\FrontendController.php on line 21.
 1 SYSTEMPATH\CodeIgniter.php(913): App\Controllers\FrontendController->__construct()
 2 SYSTEMPATH\CodeIgniter.php(493): CodeIgniter\CodeIgniter->createController()
 3 SYSTEMPATH\CodeIgniter.php(361): CodeIgniter\CodeIgniter->handleRequest(null, Object(Config\Cache), false)
 4 FCPATH\index.php(79): CodeIgniter\CodeIgniter->run()
 5 SYSTEMPATH\Commands\Server\rewrite.php(47): require_once('E:\\en desarrollo\\webupn\\public\\index.php')
INFO - 2024-04-02 02:41:23 --> Session: Class initialized using 'CodeIgniter\Session\Handlers\FileHandler' driver.
WARNING - 2024-04-02 02:41:23 --> [DEPRECATED] Creation of dynamic property App\Controllers\FrontendController::$session is deprecated in APPPATH\Controllers\FrontendController.php on line 21.
 1 SYSTEMPATH\CodeIgniter.php(913): App\Controllers\FrontendController->__construct()
 2 SYSTEMPATH\CodeIgniter.php(493): CodeIgniter\CodeIgniter->createController()
 3 SYSTEMPATH\CodeIgniter.php(361): CodeIgniter\CodeIgniter->handleRequest(null, Object(Config\Cache), false)
 4 FCPATH\index.php(79): CodeIgniter\CodeIgniter->run()
 5 SYSTEMPATH\Commands\Server\rewrite.php(47): require_once('E:\\en desarrollo\\webupn\\public\\index.php')
INFO - 2024-04-02 02:41:43 --> Session: Class initialized using 'CodeIgniter\Session\Handlers\FileHandler' driver.
WARNING - 2024-04-02 02:41:43 --> [DEPRECATED] Creation of dynamic property App\Controllers\FrontendController::$session is deprecated in APPPATH\Controllers\FrontendController.php on line 21.
 1 SYSTEMPATH\CodeIgniter.php(913): App\Controllers\FrontendController->__construct()
 2 SYSTEMPATH\CodeIgniter.php(493): CodeIgniter\CodeIgniter->createController()
 3 SYSTEMPATH\CodeIgniter.php(361): CodeIgniter\CodeIgniter->handleRequest(null, Object(Config\Cache), false)
 4 FCPATH\index.php(79): CodeIgniter\CodeIgniter->run()
 5 SYSTEMPATH\Commands\Server\rewrite.php(47): require_once('E:\\en desarrollo\\webupn\\public\\index.php')
INFO - 2024-04-02 02:42:01 --> Session: Class initialized using 'CodeIgniter\Session\Handlers\FileHandler' driver.
WARNING - 2024-04-02 02:42:01 --> [DEPRECATED] Creation of dynamic property App\Controllers\FrontendController::$session is deprecated in APPPATH\Controllers\FrontendController.php on line 21.
 1 SYSTEMPATH\CodeIgniter.php(913): App\Controllers\FrontendController->__construct()
 2 SYSTEMPATH\CodeIgniter.php(493): CodeIgniter\CodeIgniter->createController()
 3 SYSTEMPATH\CodeIgniter.php(361): CodeIgniter\CodeIgniter->handleRequest(null, Object(Config\Cache), false)
 4 FCPATH\index.php(79): CodeIgniter\CodeIgniter->run()
 5 SYSTEMPATH\Commands\Server\rewrite.php(47): require_once('E:\\en desarrollo\\webupn\\public\\index.php')
INFO - 2024-04-02 02:42:17 --> Session: Class initialized using 'CodeIgniter\Session\Handlers\FileHandler' driver.
WARNING - 2024-04-02 02:42:17 --> [DEPRECATED] Creation of dynamic property App\Controllers\FrontendController::$session is deprecated in APPPATH\Controllers\FrontendController.php on line 21.
 1 SYSTEMPATH\CodeIgniter.php(913): App\Controllers\FrontendController->__construct()
 2 SYSTEMPATH\CodeIgniter.php(493): CodeIgniter\CodeIgniter->createController()
 3 SYSTEMPATH\CodeIgniter.php(361): CodeIgniter\CodeIgniter->handleRequest(null, Object(Config\Cache), false)
 4 FCPATH\index.php(79): CodeIgniter\CodeIgniter->run()
 5 SYSTEMPATH\Commands\Server\rewrite.php(47): require_once('E:\\en desarrollo\\webupn\\public\\index.php')
INFO - 2024-04-02 02:42:28 --> Session: Class initialized using 'CodeIgniter\Session\Handlers\FileHandler' driver.
WARNING - 2024-04-02 02:42:28 --> [DEPRECATED] Creation of dynamic property App\Controllers\FrontendController::$session is deprecated in APPPATH\Controllers\FrontendController.php on line 21.
 1 SYSTEMPATH\CodeIgniter.php(913): App\Controllers\FrontendController->__construct()
 2 SYSTEMPATH\CodeIgniter.php(493): CodeIgniter\CodeIgniter->createController()
 3 SYSTEMPATH\CodeIgniter.php(361): CodeIgniter\CodeIgniter->handleRequest(null, Object(Config\Cache), false)
 4 FCPATH\index.php(79): CodeIgniter\CodeIgniter->run()
 5 SYSTEMPATH\Commands\Server\rewrite.php(47): require_once('E:\\en desarrollo\\webupn\\public\\index.php')
INFO - 2024-04-02 02:44:41 --> Session: Class initialized using 'CodeIgniter\Session\Handlers\FileHandler' driver.
WARNING - 2024-04-02 02:44:41 --> [DEPRECATED] Creation of dynamic property App\Controllers\FrontendController::$session is deprecated in APPPATH\Controllers\FrontendController.php on line 21.
 1 SYSTEMPATH\CodeIgniter.php(913): App\Controllers\FrontendController->__construct()
 2 SYSTEMPATH\CodeIgniter.php(493): CodeIgniter\CodeIgniter->createController()
 3 SYSTEMPATH\CodeIgniter.php(361): CodeIgniter\CodeIgniter->handleRequest(null, Object(Config\Cache), false)
 4 FCPATH\index.php(79): CodeIgniter\CodeIgniter->run()
 5 SYSTEMPATH\Commands\Server\rewrite.php(47): require_once('E:\\en desarrollo\\webupn\\public\\index.php')
INFO - 2024-04-02 02:45:26 --> Session: Class initialized using 'CodeIgniter\Session\Handlers\FileHandler' driver.
WARNING - 2024-04-02 02:45:26 --> [DEPRECATED] Creation of dynamic property App\Controllers\FrontendController::$session is deprecated in APPPATH\Controllers\FrontendController.php on line 21.
 1 SYSTEMPATH\CodeIgniter.php(913): App\Controllers\FrontendController->__construct()
 2 SYSTEMPATH\CodeIgniter.php(493): CodeIgniter\CodeIgniter->createController()
 3 SYSTEMPATH\CodeIgniter.php(361): CodeIgniter\CodeIgniter->handleRequest(null, Object(Config\Cache), false)
 4 FCPATH\index.php(79): CodeIgniter\CodeIgniter->run()
 5 SYSTEMPATH\Commands\Server\rewrite.php(47): require_once('E:\\en desarrollo\\webupn\\public\\index.php')
INFO - 2024-04-02 02:45:30 --> Session: Class initialized using 'CodeIgniter\Session\Handlers\FileHandler' driver.
WARNING - 2024-04-02 02:45:30 --> [DEPRECATED] Creation of dynamic property App\Controllers\FrontendController::$session is deprecated in APPPATH\Controllers\FrontendController.php on line 21.
 1 SYSTEMPATH\CodeIgniter.php(913): App\Controllers\FrontendController->__construct()
 2 SYSTEMPATH\CodeIgniter.php(493): CodeIgniter\CodeIgniter->createController()
 3 SYSTEMPATH\CodeIgniter.php(361): CodeIgniter\CodeIgniter->handleRequest(null, Object(Config\Cache), false)
 4 FCPATH\index.php(79): CodeIgniter\CodeIgniter->run()
 5 SYSTEMPATH\Commands\Server\rewrite.php(47): require_once('E:\\en desarrollo\\webupn\\public\\index.php')
INFO - 2024-04-02 02:45:50 --> Session: Class initialized using 'CodeIgniter\Session\Handlers\FileHandler' driver.
WARNING - 2024-04-02 02:45:50 --> [DEPRECATED] Creation of dynamic property App\Controllers\FrontendController::$session is deprecated in APPPATH\Controllers\FrontendController.php on line 21.
 1 SYSTEMPATH\CodeIgniter.php(913): App\Controllers\FrontendController->__construct()
 2 SYSTEMPATH\CodeIgniter.php(493): CodeIgniter\CodeIgniter->createController()
 3 SYSTEMPATH\CodeIgniter.php(361): CodeIgniter\CodeIgniter->handleRequest(null, Object(Config\Cache), false)
 4 FCPATH\index.php(79): CodeIgniter\CodeIgniter->run()
 5 SYSTEMPATH\Commands\Server\rewrite.php(47): require_once('E:\\en desarrollo\\webupn\\public\\index.php')
INFO - 2024-04-02 02:45:51 --> Session: Class initialized using 'CodeIgniter\Session\Handlers\FileHandler' driver.
WARNING - 2024-04-02 02:45:51 --> [DEPRECATED] Creation of dynamic property App\Controllers\FrontendController::$session is deprecated in APPPATH\Controllers\FrontendController.php on line 21.
 1 SYSTEMPATH\CodeIgniter.php(913): App\Controllers\FrontendController->__construct()
 2 SYSTEMPATH\CodeIgniter.php(493): CodeIgniter\CodeIgniter->createController()
 3 SYSTEMPATH\CodeIgniter.php(361): CodeIgniter\CodeIgniter->handleRequest(null, Object(Config\Cache), false)
 4 FCPATH\index.php(79): CodeIgniter\CodeIgniter->run()
 5 SYSTEMPATH\Commands\Server\rewrite.php(47): require_once('E:\\en desarrollo\\webupn\\public\\index.php')
INFO - 2024-04-02 02:46:09 --> Session: Class initialized using 'CodeIgniter\Session\Handlers\FileHandler' driver.
WARNING - 2024-04-02 02:46:09 --> [DEPRECATED] Creation of dynamic property App\Controllers\FrontendController::$session is deprecated in APPPATH\Controllers\FrontendController.php on line 21.
 1 SYSTEMPATH\CodeIgniter.php(913): App\Controllers\FrontendController->__construct()
 2 SYSTEMPATH\CodeIgniter.php(493): CodeIgniter\CodeIgniter->createController()
 3 SYSTEMPATH\CodeIgniter.php(361): CodeIgniter\CodeIgniter->handleRequest(null, Object(Config\Cache), false)
 4 FCPATH\index.php(79): CodeIgniter\CodeIgniter->run()
 5 SYSTEMPATH\Commands\Server\rewrite.php(47): require_once('E:\\en desarrollo\\webupn\\public\\index.php')
INFO - 2024-04-02 02:46:42 --> Session: Class initialized using 'CodeIgniter\Session\Handlers\FileHandler' driver.
WARNING - 2024-04-02 02:46:42 --> [DEPRECATED] Creation of dynamic property App\Controllers\FrontendController::$session is deprecated in APPPATH\Controllers\FrontendController.php on line 21.
 1 SYSTEMPATH\CodeIgniter.php(913): App\Controllers\FrontendController->__construct()
 2 SYSTEMPATH\CodeIgniter.php(493): CodeIgniter\CodeIgniter->createController()
 3 SYSTEMPATH\CodeIgniter.php(361): CodeIgniter\CodeIgniter->handleRequest(null, Object(Config\Cache), false)
 4 FCPATH\index.php(79): CodeIgniter\CodeIgniter->run()
 5 SYSTEMPATH\Commands\Server\rewrite.php(47): require_once('E:\\en desarrollo\\webupn\\public\\index.php')
INFO - 2024-04-02 02:49:01 --> Session: Class initialized using 'CodeIgniter\Session\Handlers\FileHandler' driver.
WARNING - 2024-04-02 02:49:01 --> [DEPRECATED] Creation of dynamic property App\Controllers\FrontendController::$session is deprecated in APPPATH\Controllers\FrontendController.php on line 21.
 1 SYSTEMPATH\CodeIgniter.php(913): App\Controllers\FrontendController->__construct()
 2 SYSTEMPATH\CodeIgniter.php(493): CodeIgniter\CodeIgniter->createController()
 3 SYSTEMPATH\CodeIgniter.php(361): CodeIgniter\CodeIgniter->handleRequest(null, Object(Config\Cache), false)
 4 FCPATH\index.php(79): CodeIgniter\CodeIgniter->run()
 5 SYSTEMPATH\Commands\Server\rewrite.php(47): require_once('E:\\en desarrollo\\webupn\\public\\index.php')
INFO - 2024-04-02 02:49:22 --> Session: Class initialized using 'CodeIgniter\Session\Handlers\FileHandler' driver.
WARNING - 2024-04-02 02:49:22 --> [DEPRECATED] Creation of dynamic property App\Controllers\FrontendController::$session is deprecated in APPPATH\Controllers\FrontendController.php on line 21.
 1 SYSTEMPATH\CodeIgniter.php(913): App\Controllers\FrontendController->__construct()
 2 SYSTEMPATH\CodeIgniter.php(493): CodeIgniter\CodeIgniter->createController()
 3 SYSTEMPATH\CodeIgniter.php(361): CodeIgniter\CodeIgniter->handleRequest(null, Object(Config\Cache), false)
 4 FCPATH\index.php(79): CodeIgniter\CodeIgniter->run()
 5 SYSTEMPATH\Commands\Server\rewrite.php(47): require_once('E:\\en desarrollo\\webupn\\public\\index.php')
INFO - 2024-04-02 02:49:32 --> Session: Class initialized using 'CodeIgniter\Session\Handlers\FileHandler' driver.
WARNING - 2024-04-02 02:49:32 --> [DEPRECATED] Creation of dynamic property App\Controllers\FrontendController::$session is deprecated in APPPATH\Controllers\FrontendController.php on line 21.
 1 SYSTEMPATH\CodeIgniter.php(913): App\Controllers\FrontendController->__construct()
 2 SYSTEMPATH\CodeIgniter.php(493): CodeIgniter\CodeIgniter->createController()
 3 SYSTEMPATH\CodeIgniter.php(361): CodeIgniter\CodeIgniter->handleRequest(null, Object(Config\Cache), false)
 4 FCPATH\index.php(79): CodeIgniter\CodeIgniter->run()
 5 SYSTEMPATH\Commands\Server\rewrite.php(47): require_once('E:\\en desarrollo\\webupn\\public\\index.php')
INFO - 2024-04-02 02:49:59 --> Session: Class initialized using 'CodeIgniter\Session\Handlers\FileHandler' driver.
WARNING - 2024-04-02 02:49:59 --> [DEPRECATED] Creation of dynamic property App\Controllers\FrontendController::$session is deprecated in APPPATH\Controllers\FrontendController.php on line 21.
 1 SYSTEMPATH\CodeIgniter.php(913): App\Controllers\FrontendController->__construct()
 2 SYSTEMPATH\CodeIgniter.php(493): CodeIgniter\CodeIgniter->createController()
 3 SYSTEMPATH\CodeIgniter.php(361): CodeIgniter\CodeIgniter->handleRequest(null, Object(Config\Cache), false)
 4 FCPATH\index.php(79): CodeIgniter\CodeIgniter->run()
 5 SYSTEMPATH\Commands\Server\rewrite.php(47): require_once('E:\\en desarrollo\\webupn\\public\\index.php')
INFO - 2024-04-02 02:50:28 --> Session: Class initialized using 'CodeIgniter\Session\Handlers\FileHandler' driver.
WARNING - 2024-04-02 02:50:28 --> [DEPRECATED] Creation of dynamic property App\Controllers\FrontendController::$session is deprecated in APPPATH\Controllers\FrontendController.php on line 21.
 1 SYSTEMPATH\CodeIgniter.php(913): App\Controllers\FrontendController->__construct()
 2 SYSTEMPATH\CodeIgniter.php(493): CodeIgniter\CodeIgniter->createController()
 3 SYSTEMPATH\CodeIgniter.php(361): CodeIgniter\CodeIgniter->handleRequest(null, Object(Config\Cache), false)
 4 FCPATH\index.php(79): CodeIgniter\CodeIgniter->run()
 5 SYSTEMPATH\Commands\Server\rewrite.php(47): require_once('E:\\en desarrollo\\webupn\\public\\index.php')
INFO - 2024-04-02 02:50:32 --> Session: Class initialized using 'CodeIgniter\Session\Handlers\FileHandler' driver.
WARNING - 2024-04-02 02:50:32 --> [DEPRECATED] Creation of dynamic property App\Controllers\FrontendController::$session is deprecated in APPPATH\Controllers\FrontendController.php on line 21.
 1 SYSTEMPATH\CodeIgniter.php(913): App\Controllers\FrontendController->__construct()
 2 SYSTEMPATH\CodeIgniter.php(493): CodeIgniter\CodeIgniter->createController()
 3 SYSTEMPATH\CodeIgniter.php(361): CodeIgniter\CodeIgniter->handleRequest(null, Object(Config\Cache), false)
 4 FCPATH\index.php(79): CodeIgniter\CodeIgniter->run()
 5 SYSTEMPATH\Commands\Server\rewrite.php(47): require_once('E:\\en desarrollo\\webupn\\public\\index.php')
INFO - 2024-04-02 02:52:11 --> Session: Class initialized using 'CodeIgniter\Session\Handlers\FileHandler' driver.
WARNING - 2024-04-02 02:52:11 --> [DEPRECATED] Creation of dynamic property App\Controllers\FrontendController::$session is deprecated in APPPATH\Controllers\FrontendController.php on line 21.
 1 SYSTEMPATH\CodeIgniter.php(913): App\Controllers\FrontendController->__construct()
 2 SYSTEMPATH\CodeIgniter.php(493): CodeIgniter\CodeIgniter->createController()
 3 SYSTEMPATH\CodeIgniter.php(361): CodeIgniter\CodeIgniter->handleRequest(null, Object(Config\Cache), false)
 4 FCPATH\index.php(79): CodeIgniter\CodeIgniter->run()
 5 SYSTEMPATH\Commands\Server\rewrite.php(47): require_once('E:\\en desarrollo\\webupn\\public\\index.php')
INFO - 2024-04-02 02:53:16 --> Session: Class initialized using 'CodeIgniter\Session\Handlers\FileHandler' driver.
WARNING - 2024-04-02 02:53:16 --> [DEPRECATED] Creation of dynamic property App\Controllers\FrontendController::$session is deprecated in APPPATH\Controllers\FrontendController.php on line 21.
 1 SYSTEMPATH\CodeIgniter.php(913): App\Controllers\FrontendController->__construct()
 2 SYSTEMPATH\CodeIgniter.php(493): CodeIgniter\CodeIgniter->createController()
 3 SYSTEMPATH\CodeIgniter.php(361): CodeIgniter\CodeIgniter->handleRequest(null, Object(Config\Cache), false)
 4 FCPATH\index.php(79): CodeIgniter\CodeIgniter->run()
 5 SYSTEMPATH\Commands\Server\rewrite.php(47): require_once('E:\\en desarrollo\\webupn\\public\\index.php')
INFO - 2024-04-02 02:53:48 --> Session: Class initialized using 'CodeIgniter\Session\Handlers\FileHandler' driver.
WARNING - 2024-04-02 02:53:48 --> [DEPRECATED] Creation of dynamic property App\Controllers\FrontendController::$session is deprecated in APPPATH\Controllers\FrontendController.php on line 21.
 1 SYSTEMPATH\CodeIgniter.php(913): App\Controllers\FrontendController->__construct()
 2 SYSTEMPATH\CodeIgniter.php(493): CodeIgniter\CodeIgniter->createController()
 3 SYSTEMPATH\CodeIgniter.php(361): CodeIgniter\CodeIgniter->handleRequest(null, Object(Config\Cache), false)
 4 FCPATH\index.php(79): CodeIgniter\CodeIgniter->run()
 5 SYSTEMPATH\Commands\Server\rewrite.php(47): require_once('E:\\en desarrollo\\webupn\\public\\index.php')
INFO - 2024-04-02 02:53:52 --> Session: Class initialized using 'CodeIgniter\Session\Handlers\FileHandler' driver.
WARNING - 2024-04-02 02:53:52 --> [DEPRECATED] Creation of dynamic property App\Controllers\FrontendController::$session is deprecated in APPPATH\Controllers\FrontendController.php on line 21.
 1 SYSTEMPATH\CodeIgniter.php(913): App\Controllers\FrontendController->__construct()
 2 SYSTEMPATH\CodeIgniter.php(493): CodeIgniter\CodeIgniter->createController()
 3 SYSTEMPATH\CodeIgniter.php(361): CodeIgniter\CodeIgniter->handleRequest(null, Object(Config\Cache), false)
 4 FCPATH\index.php(79): CodeIgniter\CodeIgniter->run()
 5 SYSTEMPATH\Commands\Server\rewrite.php(47): require_once('E:\\en desarrollo\\webupn\\public\\index.php')
INFO - 2024-04-02 05:18:34 --> Session: Class initialized using 'CodeIgniter\Session\Handlers\FileHandler' driver.
INFO - 2024-04-02 05:18:34 --> Session: Class initialized using 'CodeIgniter\Session\Handlers\FileHandler' driver.
INFO - 2024-04-02 05:18:49 --> Session: Class initialized using 'CodeIgniter\Session\Handlers\FileHandler' driver.
INFO - 2024-04-02 05:19:02 --> Session: Class initialized using 'CodeIgniter\Session\Handlers\FileHandler' driver.
INFO - 2024-04-02 05:19:06 --> Session: Class initialized using 'CodeIgniter\Session\Handlers\FileHandler' driver.
INFO - 2024-04-02 05:19:09 --> Session: Class initialized using 'CodeIgniter\Session\Handlers\FileHandler' driver.
INFO - 2024-04-02 05:20:14 --> Session: Class initialized using 'CodeIgniter\Session\Handlers\FileHandler' driver.
INFO - 2024-04-02 05:20:19 --> Session: Class initialized using 'CodeIgniter\Session\Handlers\FileHandler' driver.
INFO - 2024-04-02 05:20:28 --> Session: Class initialized using 'CodeIgniter\Session\Handlers\FileHandler' driver.
INFO - 2024-04-02 05:20:45 --> Session: Class initialized using 'CodeIgniter\Session\Handlers\FileHandler' driver.
INFO - 2024-04-02 05:20:46 --> Session: Class initialized using 'CodeIgniter\Session\Handlers\FileHandler' driver.
INFO - 2024-04-02 06:28:37 --> Session: Class initialized using 'CodeIgniter\Session\Handlers\FileHandler' driver.
INFO - 2024-04-02 06:30:03 --> Session: Class initialized using 'CodeIgniter\Session\Handlers\FileHandler' driver.
INFO - 2024-04-02 06:30:39 --> Session: Class initialized using 'CodeIgniter\Session\Handlers\FileHandler' driver.
INFO - 2024-04-02 06:31:25 --> Session: Class initialized using 'CodeIgniter\Session\Handlers\FileHandler' driver.
INFO - 2024-04-02 06:31:36 --> Session: Class initialized using 'CodeIgniter\Session\Handlers\FileHandler' driver.
INFO - 2024-04-02 06:31:56 --> Session: Class initialized using 'CodeIgniter\Session\Handlers\FileHandler' driver.
INFO - 2024-04-02 06:33:04 --> Session: Class initialized using 'CodeIgniter\Session\Handlers\FileHandler' driver.
INFO - 2024-04-02 06:37:48 --> Session: Class initialized using 'CodeIgniter\Session\Handlers\FileHandler' driver.
WARNING - 2024-04-02 06:37:48 --> [DEPRECATED] Creation of dynamic property App\Controllers\FrontendController::$session is deprecated in APPPATH\Controllers\FrontendController.php on line 21.
 1 SYSTEMPATH\CodeIgniter.php(913): App\Controllers\FrontendController->__construct()
 2 SYSTEMPATH\CodeIgniter.php(493): CodeIgniter\CodeIgniter->createController()
 3 SYSTEMPATH\CodeIgniter.php(361): CodeIgniter\CodeIgniter->handleRequest(null, Object(Config\Cache), false)
 4 FCPATH\index.php(79): CodeIgniter\CodeIgniter->run()
 5 SYSTEMPATH\Commands\Server\rewrite.php(47): require_once('E:\\en desarrollo\\webupn\\public\\index.php')
ERROR - 2024-04-02 06:38:42 --> mysqli_sql_exception: Duplicate entry '2312051120' for key 'telefono' in E:\en desarrollo\webupn\system\Database\MySQLi\Connection.php:306
Stack trace:
#0 E:\en desarrollo\webupn\system\Database\MySQLi\Connection.php(306): mysqli->query('INSERT INTO `us...', 0)
#1 E:\en desarrollo\webupn\system\Database\BaseConnection.php(693): CodeIgniter\Database\MySQLi\Connection->execute('INSERT INTO `us...')
#2 E:\en desarrollo\webupn\system\Database\BaseConnection.php(607): CodeIgniter\Database\BaseConnection->simpleQuery('INSERT INTO `us...')
#3 E:\en desarrollo\webupn\system\Database\BaseBuilder.php(2307): CodeIgniter\Database\BaseConnection->query('INSERT INTO `us...', Array, false)
#4 E:\en desarrollo\webupn\system\Model.php(326): CodeIgniter\Database\BaseBuilder->insert()
#5 E:\en desarrollo\webupn\system\BaseModel.php(802): CodeIgniter\Model->doInsert(Array)
#6 E:\en desarrollo\webupn\system\Model.php(744): CodeIgniter\BaseModel->insert(Array, true)
#7 E:\en desarrollo\webupn\app\Controllers\RegistroController.php(59): CodeIgniter\Model->insert(Array)
#8 E:\en desarrollo\webupn\system\CodeIgniter.php(941): App\Controllers\RegistroController->create()
#9 E:\en desarrollo\webupn\system\CodeIgniter.php(502): CodeIgniter\CodeIgniter->runController(Object(App\Controllers\RegistroController))
#10 E:\en desarrollo\webupn\system\CodeIgniter.php(361): CodeIgniter\CodeIgniter->handleRequest(NULL, Object(Config\Cache), false)
#11 E:\en desarrollo\webupn\public\index.php(79): CodeIgniter\CodeIgniter->run()
#12 E:\en desarrollo\webupn\system\Commands\Server\rewrite.php(47): require_once('E:\\en desarroll...')
#13 {main}
CRITICAL - 2024-04-02 06:38:42 --> CodeIgniter\Database\Exceptions\DatabaseException: Duplicate entry '2312051120' for key 'telefono'
in SYSTEMPATH\Database\BaseConnection.php on line 647.
 1 SYSTEMPATH\Database\BaseBuilder.php(2307): CodeIgniter\Database\BaseConnection->query('INSERT INTO `usuarios` (`perfil`, `username`, `nombre`, `apaterno`, `amaterno`, `email`, `telefono`, `password`, `sexo`, `status`, `fecha_nacimiento`, `created_at`, `updated_at`) VALUES (:perfil:, :username:, :nombre:, :apaterno:, :amaterno:, :email:, :telefono:, :password:, :sexo:, :status:, :fecha_nacimiento:, :created_at:, :updated_at:)', [...], false)
 2 SYSTEMPATH\Model.php(326): CodeIgniter\Database\BaseBuilder->insert()
 3 SYSTEMPATH\BaseModel.php(802): CodeIgniter\Model->doInsert([...])
 4 SYSTEMPATH\Model.php(744): CodeIgniter\BaseModel->insert([...], true)
 5 APPPATH\Controllers\RegistroController.php(59): CodeIgniter\Model->insert([...])
 6 SYSTEMPATH\CodeIgniter.php(941): App\Controllers\RegistroController->create()
 7 SYSTEMPATH\CodeIgniter.php(502): CodeIgniter\CodeIgniter->runController(Object(App\Controllers\RegistroController))
 8 SYSTEMPATH\CodeIgniter.php(361): CodeIgniter\CodeIgniter->handleRequest(null, Object(Config\Cache), false)
 9 FCPATH\index.php(79): CodeIgniter\CodeIgniter->run()
10 SYSTEMPATH\Commands\Server\rewrite.php(47): require_once('E:\\en desarrollo\\webupn\\public\\index.php')
CRITICAL - 2024-04-02 06:38:42 --> [Caused by] CodeIgniter\Database\Exceptions\DatabaseException: Duplicate entry '2312051120' for key 'telefono'
in SYSTEMPATH\Database\MySQLi\Connection.php on line 311.
 1 SYSTEMPATH\Database\BaseConnection.php(693): CodeIgniter\Database\MySQLi\Connection->execute('INSERT INTO `usuarios` (`perfil`, `username`, `nombre`, `apaterno`, `amaterno`, `email`, `telefono`, `password`, `sexo`, `status`, `fecha_nacimiento`, `created_at`, `updated_at`) VALUES (1, \'kakaroto2024\', \'Edgar\', \'Degante\', \'Aguilar\', \'kakaroto2024@yahoo.com\', \'2312051120\', \'$2y$10$DVcqJ7s4GRrZgv0SriysOuYLj5f0U86zF3uEYt0J.4FecaLV/E3A2\', \'m\', 1, \'2000-01-01\', \'2024-04-02 06:38:42\', \'2024-04-02 06:38:42\')')
 2 SYSTEMPATH\Database\BaseConnection.php(607): CodeIgniter\Database\BaseConnection->simpleQuery('INSERT INTO `usuarios` (`perfil`, `username`, `nombre`, `apaterno`, `amaterno`, `email`, `telefono`, `password`, `sexo`, `status`, `fecha_nacimiento`, `created_at`, `updated_at`) VALUES (1, \'kakaroto2024\', \'Edgar\', \'Degante\', \'Aguilar\', \'kakaroto2024@yahoo.com\', \'2312051120\', \'$2y$10$DVcqJ7s4GRrZgv0SriysOuYLj5f0U86zF3uEYt0J.4FecaLV/E3A2\', \'m\', 1, \'2000-01-01\', \'2024-04-02 06:38:42\', \'2024-04-02 06:38:42\')')
 3 SYSTEMPATH\Database\BaseBuilder.php(2307): CodeIgniter\Database\BaseConnection->query('INSERT INTO `usuarios` (`perfil`, `username`, `nombre`, `apaterno`, `amaterno`, `email`, `telefono`, `password`, `sexo`, `status`, `fecha_nacimiento`, `created_at`, `updated_at`) VALUES (:perfil:, :username:, :nombre:, :apaterno:, :amaterno:, :email:, :telefono:, :password:, :sexo:, :status:, :fecha_nacimiento:, :created_at:, :updated_at:)', [...], false)
 4 SYSTEMPATH\Model.php(326): CodeIgniter\Database\BaseBuilder->insert()
 5 SYSTEMPATH\BaseModel.php(802): CodeIgniter\Model->doInsert([...])
 6 SYSTEMPATH\Model.php(744): CodeIgniter\BaseModel->insert([...], true)
 7 APPPATH\Controllers\RegistroController.php(59): CodeIgniter\Model->insert([...])
 8 SYSTEMPATH\CodeIgniter.php(941): App\Controllers\RegistroController->create()
 9 SYSTEMPATH\CodeIgniter.php(502): CodeIgniter\CodeIgniter->runController(Object(App\Controllers\RegistroController))
10 SYSTEMPATH\CodeIgniter.php(361): CodeIgniter\CodeIgniter->handleRequest(null, Object(Config\Cache), false)
11 FCPATH\index.php(79): CodeIgniter\CodeIgniter->run()
12 SYSTEMPATH\Commands\Server\rewrite.php(47): require_once('E:\\en desarrollo\\webupn\\public\\index.php')
CRITICAL - 2024-04-02 06:38:42 --> [Caused by] mysqli_sql_exception: Duplicate entry '2312051120' for key 'telefono'
in SYSTEMPATH\Database\MySQLi\Connection.php on line 306.
 1 SYSTEMPATH\Database\MySQLi\Connection.php(306): mysqli->query('INSERT INTO `usuarios` (`perfil`, `username`, `nombre`, `apaterno`, `amaterno`, `email`, `telefono`, `password`, `sexo`, `status`, `fecha_nacimiento`, `created_at`, `updated_at`) VALUES (1, \'kakaroto2024\', \'Edgar\', \'Degante\', \'Aguilar\', \'kakaroto2024@yahoo.com\', \'2312051120\', \'$2y$10$DVcqJ7s4GRrZgv0SriysOuYLj5f0U86zF3uEYt0J.4FecaLV/E3A2\', \'m\', 1, \'2000-01-01\', \'2024-04-02 06:38:42\', \'2024-04-02 06:38:42\')', 0)
 2 SYSTEMPATH\Database\BaseConnection.php(693): CodeIgniter\Database\MySQLi\Connection->execute('INSERT INTO `usuarios` (`perfil`, `username`, `nombre`, `apaterno`, `amaterno`, `email`, `telefono`, `password`, `sexo`, `status`, `fecha_nacimiento`, `created_at`, `updated_at`) VALUES (1, \'kakaroto2024\', \'Edgar\', \'Degante\', \'Aguilar\', \'kakaroto2024@yahoo.com\', \'2312051120\', \'$2y$10$DVcqJ7s4GRrZgv0SriysOuYLj5f0U86zF3uEYt0J.4FecaLV/E3A2\', \'m\', 1, \'2000-01-01\', \'2024-04-02 06:38:42\', \'2024-04-02 06:38:42\')')
 3 SYSTEMPATH\Database\BaseConnection.php(607): CodeIgniter\Database\BaseConnection->simpleQuery('INSERT INTO `usuarios` (`perfil`, `username`, `nombre`, `apaterno`, `amaterno`, `email`, `telefono`, `password`, `sexo`, `status`, `fecha_nacimiento`, `created_at`, `updated_at`) VALUES (1, \'kakaroto2024\', \'Edgar\', \'Degante\', \'Aguilar\', \'kakaroto2024@yahoo.com\', \'2312051120\', \'$2y$10$DVcqJ7s4GRrZgv0SriysOuYLj5f0U86zF3uEYt0J.4FecaLV/E3A2\', \'m\', 1, \'2000-01-01\', \'2024-04-02 06:38:42\', \'2024-04-02 06:38:42\')')
 4 SYSTEMPATH\Database\BaseBuilder.php(2307): CodeIgniter\Database\BaseConnection->query('INSERT INTO `usuarios` (`perfil`, `username`, `nombre`, `apaterno`, `amaterno`, `email`, `telefono`, `password`, `sexo`, `status`, `fecha_nacimiento`, `created_at`, `updated_at`) VALUES (:perfil:, :username:, :nombre:, :apaterno:, :amaterno:, :email:, :telefono:, :password:, :sexo:, :status:, :fecha_nacimiento:, :created_at:, :updated_at:)', [...], false)
 5 SYSTEMPATH\Model.php(326): CodeIgniter\Database\BaseBuilder->insert()
 6 SYSTEMPATH\BaseModel.php(802): CodeIgniter\Model->doInsert([...])
 7 SYSTEMPATH\Model.php(744): CodeIgniter\BaseModel->insert([...], true)
 8 APPPATH\Controllers\RegistroController.php(59): CodeIgniter\Model->insert([...])
 9 SYSTEMPATH\CodeIgniter.php(941): App\Controllers\RegistroController->create()
10 SYSTEMPATH\CodeIgniter.php(502): CodeIgniter\CodeIgniter->runController(Object(App\Controllers\RegistroController))
11 SYSTEMPATH\CodeIgniter.php(361): CodeIgniter\CodeIgniter->handleRequest(null, Object(Config\Cache), false)
12 FCPATH\index.php(79): CodeIgniter\CodeIgniter->run()
13 SYSTEMPATH\Commands\Server\rewrite.php(47): require_once('E:\\en desarrollo\\webupn\\public\\index.php')
INFO - 2024-04-02 06:38:46 --> Session: Class initialized using 'CodeIgniter\Session\Handlers\FileHandler' driver.
WARNING - 2024-04-02 06:38:46 --> [DEPRECATED] Creation of dynamic property App\Controllers\FrontendController::$session is deprecated in APPPATH\Controllers\FrontendController.php on line 21.
 1 SYSTEMPATH\CodeIgniter.php(913): App\Controllers\FrontendController->__construct()
 2 SYSTEMPATH\CodeIgniter.php(493): CodeIgniter\CodeIgniter->createController()
 3 SYSTEMPATH\CodeIgniter.php(361): CodeIgniter\CodeIgniter->handleRequest(null, Object(Config\Cache), false)
 4 FCPATH\index.php(79): CodeIgniter\CodeIgniter->run()
 5 SYSTEMPATH\Commands\Server\rewrite.php(47): require_once('E:\\en desarrollo\\webupn\\public\\index.php')
INFO - 2024-04-02 06:38:57 --> Session: Class initialized using 'CodeIgniter\Session\Handlers\FileHandler' driver.
INFO - 2024-04-02 06:39:13 --> Session: Class initialized using 'CodeIgniter\Session\Handlers\FileHandler' driver.
INFO - 2024-04-02 06:39:13 --> Session: Class initialized using 'CodeIgniter\Session\Handlers\FileHandler' driver.
INFO - 2024-04-02 06:39:15 --> Session: Class initialized using 'CodeIgniter\Session\Handlers\FileHandler' driver.
INFO - 2024-04-02 06:39:15 --> Session: Class initialized using 'CodeIgniter\Session\Handlers\FileHandler' driver.
INFO - 2024-04-02 06:39:30 --> Session: Class initialized using 'CodeIgniter\Session\Handlers\FileHandler' driver.
INFO - 2024-04-02 06:39:55 --> Session: Class initialized using 'CodeIgniter\Session\Handlers\FileHandler' driver.
INFO - 2024-04-02 06:39:58 --> Session: Class initialized using 'CodeIgniter\Session\Handlers\FileHandler' driver.
WARNING - 2024-04-02 06:39:58 --> [DEPRECATED] Creation of dynamic property App\Controllers\FrontendController::$session is deprecated in APPPATH\Controllers\FrontendController.php on line 21.
 1 SYSTEMPATH\CodeIgniter.php(913): App\Controllers\FrontendController->__construct()
 2 SYSTEMPATH\CodeIgniter.php(493): CodeIgniter\CodeIgniter->createController()
 3 SYSTEMPATH\CodeIgniter.php(361): CodeIgniter\CodeIgniter->handleRequest(null, Object(Config\Cache), false)
 4 FCPATH\index.php(79): CodeIgniter\CodeIgniter->run()
 5 SYSTEMPATH\Commands\Server\rewrite.php(47): require_once('E:\\en desarrollo\\webupn\\public\\index.php')
CRITICAL - 2024-04-02 06:40:08 --> ErrorException: Undefined property: App\Controllers\UserController::$userModel
in APPPATH\Controllers\UserController.php on line 94.
 1 APPPATH\Controllers\UserController.php(94): CodeIgniter\Debug\Exceptions->errorHandler(2, 'Undefined property: App\\Controllers\\UserController::$userModel', 'E:\\en desarrollo\\webupn\\app\\Controllers\\UserController.php', 94)
 2 SYSTEMPATH\CodeIgniter.php(941): App\Controllers\UserController->forgotPassword()
 3 SYSTEMPATH\CodeIgniter.php(502): CodeIgniter\CodeIgniter->runController(Object(App\Controllers\UserController))
 4 SYSTEMPATH\CodeIgniter.php(361): CodeIgniter\CodeIgniter->handleRequest(null, Object(Config\Cache), false)
 5 FCPATH\index.php(79): CodeIgniter\CodeIgniter->run()
 6 SYSTEMPATH\Commands\Server\rewrite.php(47): require_once('E:\\en desarrollo\\webupn\\public\\index.php')
CRITICAL - 2024-04-02 06:42:54 --> Error: Attempt to assign property "reset_token" on array
in APPPATH\Controllers\UserController.php on line 107.
 1 SYSTEMPATH\CodeIgniter.php(941): App\Controllers\UserController->forgotPassword()
 2 SYSTEMPATH\CodeIgniter.php(502): CodeIgniter\CodeIgniter->runController(Object(App\Controllers\UserController))
 3 SYSTEMPATH\CodeIgniter.php(361): CodeIgniter\CodeIgniter->handleRequest(null, Object(Config\Cache), false)
 4 FCPATH\index.php(79): CodeIgniter\CodeIgniter->run()
 5 SYSTEMPATH\Commands\Server\rewrite.php(47): require_once('E:\\en desarrollo\\webupn\\public\\index.php')
